This is pdfTeX, Version 3.14159265-2.6-1.40.16 (MiKTeX 2.9) (preloaded format=pdflatex 2015.10.1)  29 OCT 2015 15:38
entering extended mode
**AT2Primer.tex
(AT2Primer.tex
LaTeX2e <2015/01/01> patch level 2
Babel <3.9m> and hyphenation patterns for 69 languages loaded.
("C:\Program Files\MiKTeX 2.9\tex\latex\base\article.cls"
Document Class: article 2014/09/29 v1.4h Standard LaTeX document class
("C:\Program Files\MiKTeX 2.9\tex\latex\base\size10.clo"
File: size10.clo 2014/09/29 v1.4h Standard LaTeX file (size option)
)
\c@part=\count79
\c@section=\count80
\c@subsection=\count81
\c@subsubsection=\count82
\c@paragraph=\count83
\c@subparagraph=\count84
\c@figure=\count85
\c@table=\count86
\abovecaptionskip=\skip41
\belowcaptionskip=\skip42
\bibindent=\dimen102
) ("C:\Program Files\MiKTeX 2.9\tex\latex\booktabs\booktabs.sty"
Package: booktabs 2005/04/14 v1.61803 publication quality tables
\heavyrulewidth=\dimen103
\lightrulewidth=\dimen104
\cmidrulewidth=\dimen105
\belowrulesep=\dimen106
\belowbottomsep=\dimen107
\aboverulesep=\dimen108
\abovetopsep=\dimen109
\cmidrulesep=\dimen110
\cmidrulekern=\dimen111
\defaultaddspace=\dimen112
\@cmidla=\count87
\@cmidlb=\count88
\@aboverulesep=\dimen113
\@belowrulesep=\dimen114
\@thisruleclass=\count89
\@lastruleclass=\count90
\@thisrulewidth=\dimen115
) ("C:\Program Files\MiKTeX 2.9\tex\latex\tools\longtable.sty"
Package: longtable 2014/10/28 v4.11 Multi-page Table package (DPC)
\LTleft=\skip43
\LTright=\skip44
\LTpre=\skip45
\LTpost=\skip46
\LTchunksize=\count91
\LTcapwidth=\dimen116
\LT@head=\box26
\LT@firsthead=\box27
\LT@foot=\box28
\LT@lastfoot=\box29
\LT@cols=\count92
\LT@rows=\count93
\c@LT@tables=\count94
\c@LT@chunks=\count95
\LT@p@ftn=\toks14
)
("C:\Program Files\MiKTeX 2.9\tex\latex\subfig\subfig.sty"
Package: subfig 2005/06/28 ver: 1.3 subfig package
 ("C:\Program Files\MiKTeX 2.9\tex\latex\graphics\keyval.sty"
Package: keyval 2014/10/28 v1.15 key=value parser (DPC)
\KV@toks@=\toks15
) ("C:\Program Files\MiKTeX 2.9\tex\latex\caption\caption.sty"
Package: caption 2015/09/17 v3.3-111 Customizing captions (AR)

("C:\Program Files\MiKTeX 2.9\tex\latex\caption\caption3.sty"
Package: caption3 2015/09/20 v1.7-115 caption3 kernel (AR)
Package caption3 Info: TeX engine: e-TeX on input line 57.
\captionmargin=\dimen117
\captionmargin@=\dimen118
\captionwidth=\dimen119
\caption@tempdima=\dimen120
\caption@indent=\dimen121
\caption@parindent=\dimen122
\caption@hangindent=\dimen123
)
\c@ContinuedFloat=\count96
Package caption Info: longtable package is loaded.

("C:\Program Files\MiKTeX 2.9\tex\latex\caption\ltcaption.sty"
Package: ltcaption 2013/06/09 v1.4-94 longtable captions (AR)
))
\c@KVtest=\count97
\sf@farskip=\skip47
\sf@captopadj=\dimen124
\sf@capskip=\skip48
\sf@nearskip=\skip49
\c@subfigure=\count98
\c@subfigure@save=\count99
\c@lofdepth=\count100
\c@subtable=\count101
\c@subtable@save=\count102
\c@lotdepth=\count103
\sf@top=\skip50
\sf@bottom=\skip51
)
("C:\Program Files\MiKTeX 2.9\tex\latex\graphics\graphicx.sty"
Package: graphicx 2014/10/28 v1.0g Enhanced LaTeX Graphics (DPC,SPQR)

("C:\Program Files\MiKTeX 2.9\tex\latex\graphics\graphics.sty"
Package: graphics 2014/10/28 v1.0p Standard LaTeX Graphics (DPC,SPQR)
 ("C:\Program Files\MiKTeX 2.9\tex\latex\graphics\trig.sty"
Package: trig 1999/03/16 v1.09 sin cos tan (DPC)
) ("C:\Program Files\MiKTeX 2.9\tex\latex\00miktex\graphics.cfg"
File: graphics.cfg 2007/01/18 v1.5 graphics configuration of teTeX/TeXLive
)
Package graphics Info: Driver file: pdftex.def on input line 94.

("C:\Program Files\MiKTeX 2.9\tex\latex\pdftex-def\pdftex.def"
File: pdftex.def 2011/05/27 v0.06d Graphics/color for pdfTeX

("C:\Program Files\MiKTeX 2.9\tex\generic\oberdiek\infwarerr.sty"
Package: infwarerr 2010/04/08 v1.3 Providing info/warning/error messages (HO)
)
("C:\Program Files\MiKTeX 2.9\tex\generic\oberdiek\ltxcmds.sty"
Package: ltxcmds 2011/11/09 v1.22 LaTeX kernel commands for general use (HO)
)
\Gread@gobject=\count104
))
\Gin@req@height=\dimen125
\Gin@req@width=\dimen126
)

LaTeX Warning: Unused global option(s):
    [acus].

(AT2Primer.aux)
LaTeX Font Info:    Checking defaults for OML/cmm/m/it on input line 14.
LaTeX Font Info:    ... okay on input line 14.
LaTeX Font Info:    Checking defaults for T1/cmr/m/n on input line 14.
LaTeX Font Info:    ... okay on input line 14.
LaTeX Font Info:    Checking defaults for OT1/cmr/m/n on input line 14.
LaTeX Font Info:    ... okay on input line 14.
LaTeX Font Info:    Checking defaults for OMS/cmsy/m/n on input line 14.
LaTeX Font Info:    ... okay on input line 14.
LaTeX Font Info:    Checking defaults for OMX/cmex/m/n on input line 14.
LaTeX Font Info:    ... okay on input line 14.
LaTeX Font Info:    Checking defaults for U/cmr/m/n on input line 14.
LaTeX Font Info:    ... okay on input line 14.
Package caption Info: Begin \AtBeginDocument code.
Package caption Info: subfig package v1.3 is loaded.
Package caption Info: End \AtBeginDocument code.
 ("C:\Program Files\MiKTeX 2.9\tex\context\base\supp-pdf.mkii"
[Loading MPS to PDF converter (version 2006.09.02).]
\scratchcounter=\count105
\scratchdimen=\dimen127
\scratchbox=\box30
\nofMPsegments=\count106
\nofMParguments=\count107
\everyMPshowfont=\toks16
\MPscratchCnt=\count108
\MPscratchDim=\dimen128
\MPnumerator=\count109
\makeMPintoPDFobject=\count110
\everyMPtoPDFconversion=\toks17
)
LaTeX Font Info:    External font `cmex10' loaded for size
(Font)              <12> on input line 17.
LaTeX Font Info:    External font `cmex10' loaded for size
(Font)              <8> on input line 17.
LaTeX Font Info:    External font `cmex10' loaded for size
(Font)              <6> on input line 17.


LaTeX Warning: No \author given.

LaTeX Font Info:    External font `cmex10' loaded for size
(Font)              <7> on input line 33.
LaTeX Font Info:    External font `cmex10' loaded for size
(Font)              <5> on input line 33.
[1

{C:/Users/Nash.ESRF/AppData/Local/MiKTeX/2.9/pdftex/config/pdftex.map}]
Overfull \hbox (43.49661pt too wide) in paragraph at lines 72--72
[] \OT1/cmtt/m/n/10 >> Bend=atsbend('Bend',1,2*pi/40,'PassMethod','BndMPoleSymplectic4Pass');[] 
 []

[2]
Overfull \hbox (3.47171pt too wide) in paragraph at lines 117--120
[]\OT1/cmr/m/n/10 We have now cre-ated a valid AT lat-tice, us-ing drifts, dipoles, and quadrupoles.
 []


Overfull \hbox (8.47737pt too wide) in paragraph at lines 121--127
\OT1/cmr/bx/n/10 pole\OT1/cmr/m/n/10 , \OT1/cmr/bx/n/10 atoc-tupole\OT1/cmr/m/n/10 , \OT1/cmr/bx/n/10 atquadrupole\OT1/c
mr/m/n/10 , \OT1/cmr/bx/n/10 atQuant-D-iff\OT1/cmr/m/n/10 , \OT1/cmr/bx/n/10 atr-bend\OT1/cmr/m/n/10 , \OT1/cmr/bx/n/10 
atr-f-cav-ity\OT1/cmr/m/n/10 , \OT1/cmr/bx/n/10 atring-
 []

[3]
Overfull \hbox (0.70554pt too wide) in paragraph at lines 180--184
\OT1/cmr/m/it/10 RF-Cav-ity\OT1/cmr/m/n/10 , \OT1/cmr/m/it/10 Quant-D-iff\OT1/cmr/m/n/10 , \OT1/cmr/m/it/10 Mon-i-tor\OT
1/cmr/m/n/10 , \OT1/cmr/m/it/10 Cor-rec-tor\OT1/cmr/m/n/10 , \OT1/cmr/m/it/10 Solenoid\OT1/cmr/m/n/10 , \OT1/cmr/m/it/10
 Ma-trix66\OT1/cmr/m/n/10 , \OT1/cmr/m/it/10 Ring-Param\OT1/cmr/m/n/10 . This
 []

[4]
Overfull \hbox (32.9967pt too wide) in paragraph at lines 225--225
[]\OT1/cmtt/m/n/10 >> FODOerr=atsetfieldvalues(FODO,QuadIndices,'PolynomB',{1,2},Kvalserr);[] 
 []

<quadplot.pdf, id=34, 401.5pt x 315.1775pt>
File: quadplot.pdf Graphic file (type pdf)
 <use quadplot.pdf>
Package pdftex.def Info: quadplot.pdf used on input line 243.
(pdftex.def)             Requested size: 200.7495pt x 157.58836pt.
 [5]
Overfull \hbox (22.4968pt too wide) in paragraph at lines 260--260
[]\OT1/cmtt/m/n/10 >> plot([Z1(1,:); Z2(1,:); Z3(1,:)]',[Z1(2,:); Z2(2,:); Z3(2,:)]','.')[] 
 []

<trackPlot.pdf, id=38, 389.455pt x 324.21124pt>
File: trackPlot.pdf Graphic file (type pdf)
 <use trackPlot.pdf>
Package pdftex.def Info: trackPlot.pdf used on input line 264.
(pdftex.def)             Requested size: 194.72702pt x 162.10522pt.
 [6 <./quadplot.pdf>]
Overfull \hbox (59.24648pt too wide) in paragraph at lines 294--294
[]\OT1/cmtt/m/n/10 >> plot(ZZ1(1,:),ZZ1(2,:),'.r',ZZ2(1,:),ZZ2(2,:),'.b',ZZ3(1,:),ZZ3(2,:),'.k')[] 
 []

[7 <./trackPlot.pdf>] [8] [9] [10] <FODOBetaplot.pdf, id=67, 385.44pt x 315.1775pt>
File: FODOBetaplot.pdf Graphic file (type pdf)
 <use FODOBetaplot.pdf>
Package pdftex.def Info: FODOBetaplot.pdf used on input line 502.
(pdftex.def)             Requested size: 192.71953pt x 157.58836pt.

<FODOATPlot.pdf, id=68, 436.63126pt x 330.23375pt>
File: FODOATPlot.pdf Graphic file (type pdf)
 <use FODOATPlot.pdf>
Package pdftex.def Info: FODOATPlot.pdf used on input line 520.
(pdftex.def)             Requested size: 218.3151pt x 165.11646pt.
 [11 <./FODOBetaplot.pdf>] [12 <./FODOATPlot.pdf>] [13] (AT2Primer.aux) ) 
Here is how much of TeX's memory you used:
 2555 strings out of 493673
 39078 string characters out of 3143948
 95127 words of memory out of 3000000
 5917 multiletter control sequences out of 15000+200000
 9325 words of font info for 33 fonts, out of 3000000 for 9000
 1025 hyphenation exceptions out of 8191
 44i,10n,42p,281b,277s stack positions out of 5000i,500n,10000p,200000b,50000s
<C:/Program Files/MiKTeX 2.9/fonts/type1/public
/amsfonts/cm/cmbx10.pfb><C:/Program Files/MiKTeX 2.9/fonts/type1/public/amsfonts/cm/cmbx12.pfb><C:/Program Files/MiKTeX 
2.9/fonts/type1/public/amsfonts/cm/cmbx8.pfb><C:/Program Files/MiKTeX 2.9/fonts/type1/public/amsfonts/cm/cmbx9.pfb><C:/P
rogram Files/MiKTeX 2.9/fonts/type1/public/amsfonts/cm/cmex10.pfb><C:/Program Files/MiKTeX 2.9/fonts/type1/public/amsfon
ts/cm/cmmi10.pfb><C:/Program Files/MiKTeX 2.9/fonts/type1/public/amsfonts/cm/cmmi5.pfb><C:/Program Files/MiKTeX 2.9/font
s/type1/public/amsfonts/cm/cmmi7.pfb><C:/Program Files/MiKTeX 2.9/fonts/type1/public/amsfonts/cm/cmr10.pfb><C:/Program F
iles/MiKTeX 2.9/fonts/type1/public/amsfonts/cm/cmr12.pfb><C:/Program Files/MiKTeX 2.9/fonts/type1/public/amsfonts/cm/cmr
17.pfb><C:/Program Files/MiKTeX 2.9/fonts/type1/public/amsfonts/cm/cmr5.pfb><C:/Program Files/MiKTeX 2.9/fonts/type1/pub
lic/amsfonts/cm/cmr6.pfb><C:/Program Files/MiKTeX 2.9/fonts/type1/public/amsfonts/cm/cmr7.pfb><C:/Program Files/MiKTeX 2
.9/fonts/type1/public/amsfonts/cm/cmr8.pfb><C:/Program Files/MiKTeX 2.9/fonts/type1/public/amsfonts/cm/cmr9.pfb><C:/Prog
ram Files/MiKTeX 2.9/fonts/type1/public/amsfonts/cm/cmsy10.pfb><C:/Program Files/MiKTeX 2.9/fonts/type1/public/amsfonts/
cm/cmsy7.pfb><C:/Program Files/MiKTeX 2.9/fonts/type1/public/amsfonts/cm/cmti10.pfb><C:/Program Files/MiKTeX 2.9/fonts/t
ype1/public/amsfonts/cm/cmtt10.pfb>
Output written on AT2Primer.pdf (13 pages, 319702 bytes).
PDF statistics:
 155 PDF objects out of 1000 (max. 8388607)
 0 named destinations out of 1000 (max. 500000)
 21 words of extra memory for PDF output out of 10000 (max. 10000000)

